<?xml version="1.0" encoding="UTF-8"?>
<!-- Generated by org.testng.reporters.JUnitReportReporter -->
<testsuite skipped="0" hostname="sherin-mac.local" name="com.spicejet.DynamicDropDownTest" tests="2" failures="0" timestamp="2020-08-22T08:29:54 PDT" time="2.996" errors="0">
  <testcase name="dropDownTest" time="1.938" classname="com.spicejet.DynamicDropDownTest"/>
  <system-out/>
  <testcase name="dropDownTest" time="1.058" classname="com.spicejet.DynamicDropDownTest"/>
  <system-out/>
</testsuite> <!-- com.spicejet.DynamicDropDownTest -->
