<?xml version="1.0" encoding="UTF-8"?>
<!-- Generated by org.testng.reporters.JUnitReportReporter -->
<testsuite skipped="0" hostname="sherin-mac.local" name="com.spicejet.DynamicDropDownTest" tests="2" failures="0" timestamp="2020-08-24T16:58:36 PDT" time="7.927" errors="0">
  <testcase name="dropDownTest" time="6.944" classname="com.spicejet.DynamicDropDownTest"/>
  <system-out/>
  <testcase name="dropDownTest" time="0.983" classname="com.spicejet.DynamicDropDownTest"/>
  <system-out/>
</testsuite> <!-- com.spicejet.DynamicDropDownTest -->
