<?xml version="1.0" encoding="UTF-8"?>
<!-- Generated by org.testng.reporters.JUnitReportReporter -->
<testsuite skipped="0" hostname="sherin-mac.local" name="com.spicejet.DynamicDropDownTest" tests="2" failures="0" timestamp="2020-08-24T16:57:31 PDT" time="7.659" errors="0">
  <testcase name="dropDownTest" time="0.981" classname="com.spicejet.DynamicDropDownTest"/>
  <system-out/>
  <testcase name="dropDownTest" time="6.678" classname="com.spicejet.DynamicDropDownTest"/>
  <system-out/>
</testsuite> <!-- com.spicejet.DynamicDropDownTest -->
